usage: mkdir <directory name>
cmsc
cmsc
sp
movies
mkdir:sp: Already exists
cmsc
sp
movies
cmsc
sp
movies
cd: No such file or directory.
cmsc11
cmsc142
cmsc11
cmsc142
romcom
cd: No such file or directory.
cd: No such file or directory.
cmsc
sp
movies
cp: missing arguments
cmsc
sp
movies
comsci1
cmsc
sp
movies
comsci1
comsci2
movies1
movies2
movie1
move1
cmsc
sp
movies
comsci1
comsci2
movies1
movies2
cmsc
sp
movies
comsci1
comsci2
movies1
movies2
cmsc
sp
movies
comsci1
comsci2
movies1
movies2
movie1
move1
comsci1
movies1
movie1
move1
cmsc
sp
movies
comsci1
comsci2
movies1
movies2
movie1
move1
movies1
movies2
move1
movies
movies1
movies2
movie1
move1
cmsc11
cmsc142
